{
  "0 debug pnpm:scope": {
    "selected": 1
  },
  "1 info pnpm": {
    "err": {
      "name": "Error",
      "message": "not found: unocss",
      "code": "ENOENT",
      "stack": "Error: not found: unocss\n    at getNotFoundError (C:\\Users\\HP\\AppData\\Roaming\\npm\\node_modules\\pnpm\\dist\\pnpm.cjs:41518:51)\n    at Function.whichSync [as sync] (C:\\Users\\HP\\AppData\\Roaming\\npm\\node_modules\\pnpm\\dist\\pnpm.cjs:41595:13)\n    at getCommandAbsolutePathSync (C:\\Users\\HP\\AppData\\Roaming\\npm\\node_modules\\pnpm\\dist\\pnpm.cjs:43160:44)\n    at default_1 (C:\\Users\\HP\\AppData\\Roaming\\npm\\node_modules\\pnpm\\dist\\pnpm.cjs:43169:32)\n    at C:\\Users\\HP\\AppData\\Roaming\\npm\\node_modules\\pnpm\\dist\\pnpm.cjs:171190:39"
    }
  },
  "2 error pnpm": {
    "code": "ERR_PNPM_RECURSIVE_EXEC_FIRST_FAIL",
    "prefix": "D:\\myworks\\mitu",
    "err": {
      "name": "pnpm",
      "message": "not found: unocss",
      "code": "ERR_PNPM_RECURSIVE_EXEC_FIRST_FAIL",
      "stack": "Error: not found: unocss\n    at getNotFoundError (C:\\Users\\HP\\AppData\\Roaming\\npm\\node_modules\\pnpm\\dist\\pnpm.cjs:41518:51)\n    at Function.whichSync [as sync] (C:\\Users\\HP\\AppData\\Roaming\\npm\\node_modules\\pnpm\\dist\\pnpm.cjs:41595:13)\n    at getCommandAbsolutePathSync (C:\\Users\\HP\\AppData\\Roaming\\npm\\node_modules\\pnpm\\dist\\pnpm.cjs:43160:44)\n    at default_1 (C:\\Users\\HP\\AppData\\Roaming\\npm\\node_modules\\pnpm\\dist\\pnpm.cjs:43169:32)\n    at C:\\Users\\HP\\AppData\\Roaming\\npm\\node_modules\\pnpm\\dist\\pnpm.cjs:171190:39"
    }
  }
}